<?xml version="1.0" encoding="UTF-8" ?>
<testsuite errors="1" failures="5" hostname="macieg-Komputer" name="com.pl.maciej.tests.OsobaTest" tests="14" time="0.389" timestamp="2011-12-19T18:41:45">
  <properties>
[...]
</properties>
  <testcase classname="com.pl.maciej.tests.OsobaTest" name="testOsoba" time="0.055" />
  <testcase classname="com.pl.maciej.tests.OsobaTest" name="testDodajPlyte" time="0.112" />
  <testcase classname="com.pl.maciej.tests.OsobaTest" name="testDodajPlyte_RokWydania" time="0.013" />
  <testcase classname="com.pl.maciej.tests.OsobaTest" name="testDodajPlyte_Wykonawca" time="0.017">
    <error type="java.lang.NullPointerException">java.lang.NullPointerException
	at com.pl.maciej.prog.KolekcjaPlyt.wyszukajPlyte(Unknown Source)
	at com.pl.maciej.prog.Osoba.wyszukajPlyte(Unknown Source)
	at com.pl.maciej.tests.OsobaTest.testDodajPlyte_Wykonawca(Unknown Source)
</error>
  </testcase>
  <testcase classname="com.pl.maciej.tests.OsobaTest" name="testDodajPlyte_Tytul" time="0.015">
    <failure message="Dodanie płyty z pustym tytułem lub niepoprawne wyszukiwanie płyty!" type="junit.framework.AssertionFailedError">junit.framework.AssertionFailedError: Dodanie płyty z pustym tytułem lub niepoprawne wyszukiwanie płyty!
	at com.pl.maciej.tests.OsobaTest.testDodajPlyte_Tytul(Unknown Source)
</failure>
  </testcase>
  <testcase classname="com.pl.maciej.tests.OsobaTest" name="testUsunPlyteInt" time="0.0020">
    <failure message="Not yet implemented" type="junit.framework.AssertionFailedError">junit.framework.AssertionFailedError: Not yet implemented
	at com.pl.maciej.tests.OsobaTest.testUsunPlyteInt(Unknown Source)
</failure>
  </testcase>
  <testcase classname="com.pl.maciej.tests.OsobaTest" name="testUsunPlyteStringStringPlytaGatunekInt" time="0.0070" />
  <testcase classname="com.pl.maciej.tests.OsobaTest" name="testWyszukajPlyte" time="0.0010">
    <failure message="Not yet implemented" type="junit.framework.AssertionFailedError">junit.framework.AssertionFailedError: Not yet implemented
	at com.pl.maciej.tests.OsobaTest.testWyszukajPlyte(Unknown Source)
</failure>
  </testcase>
  <testcase classname="com.pl.maciej.tests.OsobaTest" name="testEdytujPlyteIntStringStringPlytaGatunekInt" time="0.0020">
    <failure message="Not yet implemented" type="junit.framework.AssertionFailedError">junit.framework.AssertionFailedError: Not yet implemented
	at com.pl.maciej.tests.OsobaTest.testEdytujPlyteIntStringStringPlytaGatunekInt(Unknown Source)
</failure>
  </testcase>
  <testcase classname="com.pl.maciej.tests.OsobaTest" name="testEdytujPlyteStringStringPlytaGatunekIntStringStringPlytaGatunekInt" time="0.0020">
    <failure message="Not yet implemented" type="junit.framework.AssertionFailedError">junit.framework.AssertionFailedError: Not yet implemented
	at com.pl.maciej.tests.OsobaTest.testEdytujPlyteStringStringPlytaGatunekIntStringStringPlytaGatunekInt(Unknown Source)
</failure>
  </testcase>
  <testcase classname="com.pl.maciej.tests.OsobaTest" name="testUstawImie" time="0.0" />
  <testcase classname="com.pl.maciej.tests.OsobaTest" name="testUstawNazwisko" time="0.0" />
  <testcase classname="com.pl.maciej.tests.OsobaTest" name="testDajImie" time="0.0" />
  <testcase classname="com.pl.maciej.tests.OsobaTest" name="testDajNazwisko" time="0.0" />
  <system-out><![CDATA[]]></system-out>
  <system-err><![CDATA[]]></system-err>
</testsuite>
